ChronusQ Job Started: Fri Oct  6 16:15:41 2023

    ______ __                                      ____  
   / ____// /_   _____ ____   ____   __  __ _____ / __ \ 
  / /    / __ \ / ___// __ \ / __ \ / / / // ___// / / / 
 / /___ / / / // /   / /_/ // / / // /_/ /(__  )/ /_/ /  
 \____//_/ /_//_/    \____//_/ /_/ \__,_//____/ \___\_\  

Release Version: 0.6.0


Contributors List:
================================================================================
Name                     Institution
--------------------------------------------------------
Xiaosong Li              University of Washington
David Williams-Young     Lawrence Berkeley National Lab
Edward Valeev            Virginia Tech
Eugene DePrince III      Florida State University
Sharon Hammes-Schiffer   Yale University
Qiming Sun               AxiomQuant
Alessio Petrone          University of Washington
Andrew Wildman           University of Washington
Hang Hu                  University of Washington
Tianyuan Zhang           University of Washington
Torin Stetina            University of Washington
Adam Grofe               University of Washington
Brandon Cooper           Florida State University
Chad Hoyer               University of Washington
Hongbin Liu              University of Washington
Joshua Goings            University of Washington
Lauren Koulias           University of Washington
Lixin Lu                 University of Washington
Luning Zhao              University of Washington
Shichao Sun              University of Washington
Xiaolin Liu              University of Washington
--------------------------------------------------------



Input File:
================================================================================
[Molecule]
charge = 0
mult = 1
geom: 
 C  0.0000000000   0.0000000000   0.6046129436
 O -0.0000000000   0.0000000000  -0.5797063115
 H  0.9241330951  -0.0000000000   1.1856165393
 H -0.9241330951   0.0000000000   1.1856165393

[QM]
reference = Real RHF
job = SCF

[SCF]
DIISALG=CDIIS
PRINTMOS=9

[BASIS]
basis = cc-pvdz

[MISC]
nsmp = 1
mem = 2 GB

================================================================================





  *** Allocating 2.0 GB *** 
  *** ChronusQ will use 1 OpenMP threads ***
  *** ChronusQ will use 1 MPI Processes ***




Molecular Information:
================================================================================

  NAtoms                      4
  Total Electrons             16
  Particle Number Charge      0              e
  Molecular Charge            0.000          e
  Nuclear Repulsion Energy    3.18001064e+01 Eh

  Center of Mass              { -2.23901e-18   ,0.00000e+00    ,2.34741e-02    }
  Center of Charges           { 0.00000e+00    ,0.00000e+00    ,1.60776e-01    }

  Moment of Inertia           { 4.49786e+01    ,0.00000e+00    ,2.21731e-16    ,
                                0.00000e+00    ,5.11259e+01    ,0.00000e+00    ,
                                -1.55027e-16   ,0.00000e+00    ,6.14726e+00    }

  Geometry:                   
  ----------------------------------------------------------------------------  
    Element   ZNuc     Mass (AMU)       X (Bohr)       Y (Bohr)       Z (Bohr)

    C-12      6.0      1.20000e+01   0.00000e+00    0.00000e+00    1.14255e+00
    O-16      8.0      1.59949e+01  -0.00000e+00    0.00000e+00   -1.09549e+00
    H-1       1.0      1.00783e+00   1.74636e+00   -0.00000e+00    2.24049e+00
    H-1       1.0      1.00783e+00  -1.74636e+00    0.00000e+00    2.24049e+00

================================================================================

  *** Reading Basis Set from /Users/smgarner/Research/2023/Software/chronusq_dev/basis/cc-pvdz.gbs ***

Basis Set Information:
================================================================================

  NBasis                   38
  NPrimitive               66
  NShell                   18
  Max Primitive            8
  Max L                    2


  Shell Information:
  ----------------------------------------------------------------------------  
    #    L          Exponents        Normalized Contraction

    0    0         6.6650e+03                    3.6358e-01
                   1.0000e+03                    6.7499e-01
                   2.2800e+02                    1.1316e+00
                   6.4710e+01                    1.6530e+00
                   2.1060e+01                    1.9238e+00
                   7.4950e+00                    1.4473e+00
                   2.7970e+00                    4.3916e-01
                   5.2150e-01                    6.6458e-03

    1    0         6.6650e+03                   -1.5418e-01
                   1.0000e+03                   -2.9379e-01
                   2.2800e+02                   -4.8090e-01
                   6.4710e+01                   -7.6143e-01
                   2.1060e+01                   -9.0010e-01
                   7.4950e+00                   -9.7261e-01
                   2.7970e+00                   -3.9404e-01
                   5.2150e-01                    4.7839e-01

    2    0         1.5960e-01                    1.7996e-01

    3    1         9.4390e+00                    1.3437e+00
                   2.0020e+00                    1.0632e+00
                   5.4560e-01                    5.0823e-01

    4    1         1.5170e-01                    1.3495e-01

    5    2         5.5000e-01                    5.7815e-01

    6    0         1.1720e+04                    5.6970e-01
                   1.7590e+03                    1.0584e+00
                   4.0080e+02                    1.7763e+00
                   1.1370e+02                    2.5994e+00
                   3.7030e+01                    3.0268e+00
                   1.3270e+01                    2.2224e+00
                   5.0250e+00                    6.4780e-01
                   1.0130e+00                    1.1119e-02

    7    0         1.1720e+04                   -2.5243e-01
                   1.7590e+03                   -4.8049e-01
                   4.0080e+02                   -7.8630e-01
                   1.1370e+02                   -1.2542e+00
                   3.7030e+01                   -1.4912e+00
                   1.3270e+01                   -1.6108e+00
                   5.0250e+00                   -5.4980e-01
                   1.0130e+00                    7.8828e-01

    8    0         3.0230e-01                    2.9056e-01

    9    1         1.7700e+01                    3.2436e+00
                   3.8540e+00                    2.5673e+00
                   1.0460e+00                    1.1177e+00

    10   1         2.7530e-01                    2.8425e-01

    11   2         1.1850e+00                    2.2152e+00

    12   0         1.3010e+01                    1.6355e-01
                   1.9620e+00                    2.7742e-01
                   4.4460e-01                    3.1575e-01

    13   0         1.2200e-01                    1.4712e-01

    14   1         7.2700e-01                    9.5688e-01

    15   0         1.3010e+01                    1.6355e-01
                   1.9620e+00                    2.7742e-01
                   4.4460e-01                    3.1575e-01

    16   0         1.2200e-01                    1.4712e-01

    17   1         7.2700e-01                    9.5688e-01


================================================================================

  *** Parsing INTS.REFERENCE options ***

  *** Parsing PINTS.REFERENCE options ***

  *** Parsing EPINTS.REFERENCE options ***

================================================================================

Building integral object for the electronic subsystem:

  Property Integrals:
    * Will Compute Length Gauge Electric Multipoles up to Octupole
    * Will Compute Velocity Gauge Electric Multipoles up to Octupole
    * Will Compute Magnetic Multipoles up to Quadrupole

  Two particle integral:
    * Contraction Algorithm: DIRECT
    * Schwarz Screening Threshold = 1.0000e-12
    * AO to MO Transformation Algorithm (if used): DIRECT N6

================================================================================

  *** Parsing QM.REFERENCE options ***



Hamiltonian Options:
================================================================================

                                 Integral:
  ----------------------------------------------------------------------------  
                               Basis Type:REAL_GTO
                      Finite Width Nuclei:False
                            Using Libcint:False

                    One-Component Options:
  ----------------------------------------------------------------------------  
           Perturbative Scalar Relativity:Off
       Perturbative Spin-orbit Relativity:Off

                    Two-Component Options:
  ----------------------------------------------------------------------------  
           One-Electron Scalar Relativity:Off
       One-Electron Spin-orbit Relativity:Off
              Boettger Spin-orbit Scaling:Off
             Atomic Mean Field Spin-orbit:Off
                               Atomic X2C:Off

                   Four-Component Options:
  ----------------------------------------------------------------------------  
                Bare Coulomb (LLLL) Term: Off
           Dirac Coulomb (w/o SSSS) Term: Off
                          Approximation---None
                               SSSS Term: Off
                          Approximation---None
                              Gaunt Term: Off
                          Approximation---None
                              Gauge Term: Off
                          Approximation---None

================================================================================

  *** Forming Initial Guess Density for SCF Procedure ***

    * Forming the Superposition of Atomic Densities Guess (SAD)

  *** Found 3 unique Atoms in Molecule Specification ***
  *** Running 3 Atomic SCF calculations for SAD Guess ***

    * Running AtomZ = 1 as a Doublet
    * Running AtomZ = 6 as a Triplet
    * Running AtomZ = 8 as a Triplet

  *** Forming Initial Fock Matrix from SAD Density ***

================================================================================
Self Consistent Field (SCF) Settings:

  Reference:                          Real Restricted Hartree-Fock
  Energy Difference:                  1.000000e-05
  RMS Density Difference:             1.000000e-07
  Max Density Difference:             1.000000e-05
  Maximum Number of SCF Cycles:       128
  SCF Algorithm:                      Conventional SCF
  DIIS Extrapolation Algorithm:       CDIIS
    * DIIS will track up to 10 previous iterations

--------------------------------------------------------------------------------

   SCF Iteration      Energy (Eh)        ΔE (Eh)           RMS|ΔD|           Max|ΔD|
   -------------      -----------        -------           -------           -------
    SCFIt:     0   -114.4627854825
    SCFIt:     1   -113.7624815040     7.0030398e-01     2.4139347e-02     2.6548023e-01
    SCFIt:     2   -113.8314796486    -6.8998145e-02     8.6988342e-03     1.3719533e-01
    SCFIt:     3   -113.8692285156    -3.7748867e-02     3.8935092e-03     4.5358347e-02
    SCFIt:     4   -113.8755576735    -6.3291579e-03     2.0367878e-03     2.7159584e-02
    SCFIt:     5   -113.8769528698    -1.3951963e-03     1.2474881e-03     1.3151393e-02
    SCFIt:     6   -113.8770632723    -1.1040245e-04     3.4392429e-04     3.1962815e-03
    SCFIt:     7   -113.8770777560    -1.4483698e-05     1.0493443e-04     1.0593153e-03
    SCFIt:     8   -113.8770845329    -6.7769278e-06     9.9497738e-05     1.1051662e-03
    SCFIt:     9   -113.8770852168    -6.8391253e-07     3.9669443e-05     4.4321648e-04
    SCFIt:    10   -113.8770852215    -4.6638604e-09     2.4435030e-06     2.8652424e-05
    SCFIt:    11   -113.8770852217    -2.6759039e-10     3.8685994e-07     4.9948903e-06
    SCFIt:    12   -113.8770852218    -1.1056045e-11     8.2952510e-08     1.0369357e-06

SCF Completed: E(R-RHF) = -113.8770852218 Eh after 12 SCF Iterations
================================================================================


SCF Results:
================================================================================

Orbital Eigenenergies (Alpha) / Eh
--------------------------------------------------------------------------------
Occupied:
  -2.0574e+01  -1.1339e+01  -1.4172e+00  -8.6615e-01  -6.9506e-01
  -6.5232e-01  -5.3777e-01  -4.3332e-01

Virtual:
   1.4256e-01   1.9227e-01   2.6061e-01   3.6229e-01   6.6810e-01
   6.7660e-01   7.3994e-01   8.2482e-01   9.1662e-01   9.8329e-01
   1.1041e+00   1.1592e+00   1.2908e+00   1.3243e+00   1.4220e+00
   1.6832e+00   1.7035e+00   1.8660e+00   1.9625e+00   1.9810e+00
   1.9827e+00   2.0081e+00   2.6071e+00   2.7076e+00   2.7667e+00
   3.0533e+00   3.1986e+00   3.4452e+00   3.7550e+00   3.8671e+00

--------------------------------------------------------------------------------


Canonical Molecular Orbital Coefficients (Alpha)
--------------------------------------------------------------------------------

                                     1             2             3             4
 EigV --                  -2.05739e+01  -1.13392e+01  -1.41718e+00  -8.66147e-01

 1    0  C-12   0 S        1.74013e-04  -1.00182e+00  -1.70609e-02   8.17329e-03
 2              1 S        1.71109e-04  -3.67418e-03   2.15259e-01  -3.39184e-01
 3              2 S        2.22974e-03   4.63198e-03   7.78743e-02  -2.26078e-01
 4              3 PX       0.00000e+00  -1.82015e-10   2.04434e-09  -2.95329e-09
 5              3 PY       0.00000e+00  -1.18302e-09   2.32215e-08  -3.98400e-08
 6              3 PZ       2.03533e-04   5.46266e-04  -1.92516e-01  -1.74972e-01
 7              4 PX       0.00000e+00   0.00000e+00  -1.56533e-10  -1.17956e-09
 8              4 PY       2.16560e-10   4.74732e-10   1.07313e-08  -1.80310e-08
 9              4 PZ      -1.30456e-03   1.33346e-03  -1.43997e-02  -8.23392e-02
 10             5 D-2      0.00000e+00  -7.60496e-10  -5.83147e-09  -1.06654e-08
 11             5 D-1      1.06983e-10   0.00000e+00  -6.85077e-09  -3.62523e-09
 12             5 D 0     -7.68204e-04  -8.27490e-04   4.12210e-02   8.38109e-03
 13             5 D+1      0.00000e+00   0.00000e+00  -7.70058e-10  -1.27442e-10
 14             5 D+2      2.69470e-04  -6.28037e-04  -9.55641e-03  -6.39891e-03

 15   1  O-16   0 S        1.00123e+00   2.11476e-04  -1.14444e-02   6.86861e-04
 16             1 S        1.74110e-03  -5.25389e-04   4.06994e-01   1.91713e-01
 17             2 S       -5.22525e-03   1.60086e-03   3.74204e-01   2.39060e-01
 18             3 PX       0.00000e+00   0.00000e+00   4.32374e-09   1.54073e-09
 19             3 PY       1.28967e-09   0.00000e+00   6.24701e-08   1.30945e-08
 20             3 PZ       1.85221e-03  -4.59581e-04   1.41912e-01  -1.49547e-01
 21             4 PX       0.00000e+00   0.00000e+00   2.50665e-09   1.66114e-09
 22             4 PY      -6.06178e-10   0.00000e+00   3.57601e-08   1.15174e-08
 23             4 PZ      -1.52108e-03   1.17398e-03   3.39129e-02  -9.44859e-02
 24             5 D-2     -1.44197e-10   1.42558e-10  -3.42535e-09   2.00342e-09
 25             5 D-1      1.11490e-10   1.45091e-10   6.48662e-09  -1.34084e-09
 26             5 D 0      2.36897e-04  -2.17319e-04   1.76810e-02  -8.20467e-03
 27             5 D+1      0.00000e+00   0.00000e+00   2.98356e-10  -1.65566e-10
 28             5 D+2      1.95524e-04   1.26900e-04   2.84484e-04   1.11214e-03

 29   2  H-1    0 S       -3.23180e-04   3.24818e-04   4.13518e-02  -2.40085e-01
 30             1 S        1.34487e-05  -1.35215e-03  -1.41982e-03  -3.12426e-02
 31             2 PX      -5.27445e-05  -3.77302e-04  -7.24894e-03   2.58168e-02
 32             2 PY       0.00000e+00   0.00000e+00   3.88294e-09  -2.06964e-09
 33             2 PZ       3.35873e-04  -2.59130e-04  -9.81427e-03   1.16471e-02

 34   3  H-1    0 S       -3.23180e-04   3.24818e-04   4.13518e-02  -2.40085e-01
 35             1 S        1.34487e-05  -1.35215e-03  -1.41982e-03  -3.12426e-02
 36             2 PX       5.27445e-05   3.77301e-04   7.24894e-03  -2.58168e-02
 37             2 PY       0.00000e+00   2.05368e-10  -1.47347e-09  -6.67672e-10
 38             2 PZ       3.35873e-04  -2.59130e-04  -9.81427e-03   1.16471e-02


                                     5             6             7             8
 EigV --                  -6.95063e-01  -6.52322e-01  -5.37775e-01  -4.33325e-01

 1    0  C-12   0 S        0.00000e+00  -1.16594e-02  -9.72444e-10   5.69322e-10
 2              1 S        4.09410e-09  -6.43138e-02   2.36299e-08   3.33447e-09
 3              2 S        4.19208e-09   6.41182e-02   2.22256e-08   4.28919e-09
 4              3 PX      -3.98952e-01  -4.58520e-09  -8.79669e-08  -1.98988e-01
 5              3 PY      -2.26424e-07   5.64278e-08  -3.41453e-01   2.49392e-08
 6              3 PZ      -2.49998e-09   3.80430e-01  -1.08588e-08   3.44133e-09
 7              4 PX      -1.25536e-01  -1.87122e-09   3.91123e-08  -4.18520e-02
 8              4 PY      -1.46446e-07   2.33262e-08  -2.07944e-01  -2.21413e-08
 9              4 PZ      -2.30398e-09   4.05879e-02  -2.43289e-08   4.69179e-09
 10             5 D-2     -7.20929e-09   1.22633e-08  -6.41794e-10  -8.99828e-10
 11             5 D-1     -3.97735e-08   1.77331e-09   5.60388e-02  -6.33083e-08
 12             5 D 0      4.48554e-10  -2.73516e-02   2.53971e-09  -2.58454e-10
 13             5 D+1      1.16170e-02   8.09860e-10  -7.30283e-08  -7.43582e-02
 14             5 D+2     -6.12713e-10   1.05573e-02   7.18051e-09   0.00000e+00

 15   1  O-16   0 S       -1.15086e-10   4.48851e-04  -2.00349e-10   1.39385e-10
 16             1 S       -2.72498e-10   1.50487e-01   4.32193e-08  -2.07645e-09
 17             2 S       -3.34245e-09   2.92358e-01   2.08896e-08  -5.72210e-10
 18             3 PX      -3.46813e-01  -2.37876e-09   3.30970e-07   5.38747e-01
 19             3 PY       1.21586e-07   2.19060e-08  -4.85631e-01   3.70671e-07
 20             3 PZ       5.12222e-09  -5.03650e-01  -2.73964e-08   7.05560e-10
 21             4 PX      -2.05486e-01  -6.25443e-10   2.15095e-07   4.17491e-01
 22             4 PY       1.03531e-07   1.05207e-08  -3.36275e-01   3.53630e-07
 23             4 PZ       2.42311e-09  -2.94304e-01  -3.65271e-08   1.02125e-09
 24             5 D-2     -5.25770e-09   1.59872e-09  -4.25654e-10   9.39389e-09
 25             5 D-1      2.61753e-09  -3.99141e-09  -3.08585e-02   1.53513e-08
 26             5 D 0      3.19809e-10  -2.68465e-02   4.70928e-09   0.00000e+00
 27             5 D+1     -2.08634e-02  -6.16178e-10   1.28688e-08   1.00759e-02
 28             5 D+2     -2.08372e-10   1.03290e-03   9.37049e-09   3.55010e-10

 29   2  H-1    0 S       -2.43775e-01   1.22658e-01  -1.37983e-07  -2.56784e-01
 30             1 S       -6.94842e-02   5.48324e-02  -1.01798e-07  -1.80504e-01
 31             2 PX       1.57439e-02  -1.22430e-02  -8.05632e-10   5.32558e-03
 32             2 PY       0.00000e+00  -1.21304e-09  -9.39034e-03   3.63664e-09
 33             2 PZ       1.04520e-02   3.92534e-03   3.27453e-09   8.82047e-03

 34   3  H-1    0 S        2.43775e-01   1.22658e-01   1.71203e-07   2.56784e-01
 35             1 S        6.94842e-02   5.48324e-02   1.51520e-07   1.80504e-01
 36             2 PX       1.57439e-02   1.22430e-02   1.89296e-10   5.32558e-03
 37             2 PY      -1.69552e-09   4.94628e-09  -9.39034e-03   6.36791e-09
 38             2 PZ      -1.04520e-02   3.92534e-03  -4.21708e-09  -8.82047e-03


                                     9            10            11            12
 EigV --                   1.42561e-01   1.92270e-01   2.60614e-01   3.62290e-01

 1    0  C-12   0 S       -2.63959e-08  -6.03923e-02   7.99909e-10   3.76106e-02
 2              1 S        1.57001e-08   1.04392e-01   2.85110e-10  -6.72567e-03
 3              2 S        6.93770e-07   1.98740e+00  -1.68226e-08  -1.28787e+00
 4              3 PX       1.16227e-08   7.12594e-09   3.54236e-01   3.48198e-09
 5              3 PY       3.96482e-01  -3.57753e-08  -9.65589e-08   1.02768e-07
 6              3 PZ      -1.65140e-08   1.85729e-01  -1.86699e-09   3.41525e-02
 7              4 PX       3.15247e-07   8.86471e-09   1.43776e+00  -9.61149e-09
 8              4 PY       7.20433e-01  -2.36272e-07  -3.34154e-07   4.25249e-08
 9              4 PZ      -3.86025e-08   5.82125e-01  -1.10615e-08   1.75676e+00
 10             5 D-2      1.62862e-09  -7.28425e-09   1.89553e-08   8.56114e-09
 11             5 D-1      3.99139e-02  -8.33326e-10  -1.07213e-08   1.55127e-08
 12             5 D 0     -1.44819e-08   6.12935e-03  -9.12408e-10  -2.81960e-02
 13             5 D+1     -1.71106e-08   1.46764e-10   2.70633e-02   4.78778e-10
 14             5 D+2     -2.84485e-08   2.17646e-02   6.63286e-10  -3.11381e-03

 15   1  O-16   0 S        1.16704e-08  -9.96911e-04   0.00000e+00  -7.55181e-02
 16             1 S        2.49076e-09   1.06615e-03  -7.96688e-10   5.20588e-02
 17             2 S       -2.16204e-07   1.78395e-02  -4.84914e-09   1.75983e+00
 18             3 PX       7.68396e-09  -2.45414e-09  -9.65894e-02   2.27358e-09
 19             3 PY      -3.75583e-01   7.58355e-08   1.49873e-07  -2.09282e-09
 20             3 PZ      -3.91477e-08  -5.65684e-02  -1.43714e-09   1.16034e-01
 21             4 PX      -4.17238e-08  -4.19585e-09  -3.10068e-01  -2.01139e-09
 22             4 PY      -5.29819e-01   1.25479e-07   2.20071e-07  -1.28191e-07
 23             4 PZ      -1.05977e-07  -1.14897e-01  -1.02120e-09   5.96778e-01
 24             5 D-2     -8.16539e-10   6.63353e-10  -3.01080e-09   4.73329e-10
 25             5 D-1      4.19003e-03  -1.41036e-09  -2.23197e-09   8.67521e-09
 26             5 D 0      6.84412e-09  -6.31183e-05   0.00000e+00   3.11692e-02
 27             5 D+1      2.86540e-09   0.00000e+00   9.76262e-03   3.38172e-10
 28             5 D+2      1.43579e-08  -3.25283e-03  -1.04334e-10   1.90718e-04

 29   2  H-1    0 S       -1.90634e-07  -3.59067e-02   5.88559e-02  -1.31418e-02
 30             1 S       -1.01502e-06  -1.39375e+00  -1.91862e+00  -1.28171e-01
 31             2 PX       5.17749e-09   1.62280e-02   1.41996e-02  -1.43614e-02
 32             2 PY       2.37051e-02  -1.38240e-09  -1.20682e-08   7.22122e-09
 33             2 PZ       6.32638e-09   1.16069e-02   1.39552e-02   1.37757e-02

 34   3  H-1    0 S        3.40578e-08  -3.59067e-02  -5.88559e-02  -1.31418e-02
 35             1 S        3.99423e-07  -1.39375e+00   1.91862e+00  -1.28171e-01
 36             2 PX      -1.73450e-09  -1.62280e-02   1.41996e-02   1.43614e-02
 37             2 PY       2.37051e-02  -1.25397e-08  -2.95280e-09   1.79338e-08
 38             2 PZ      -4.27787e-09   1.16069e-02  -1.39552e-02   1.37757e-02


                                    13            14            15            16
 EigV --                   6.68102e-01   6.76599e-01   7.39940e-01   8.24817e-01

 1    0  C-12   0 S       -3.32215e-07  -1.42456e-01  -1.71637e-09  -8.62146e-09
 2              1 S       -5.33997e-07  -1.61025e-01  -6.07770e-09  -2.06218e-08
 3              2 S        1.91330e-06   8.68046e-01  -4.43976e-09   3.39440e-08
 4              3 PX      -1.71680e-09  -6.49208e-10  -3.51600e-01  -7.93513e-01
 5              3 PY      -1.03218e+00   1.35835e-06  -1.08662e-08   1.03227e-07
 6              3 PZ       4.32663e-08   2.55898e-02   5.22147e-10   8.75284e-09
 7              4 PX       1.23346e-07   2.56702e-08   2.25918e+00   1.40135e+00
 8              4 PY       1.06349e+00  -1.48277e-06   8.59079e-08  -4.48792e-08
 9              4 PZ       6.55595e-07   3.30863e-01   1.61707e-08  -6.52848e-09
 10             5 D-2     -1.28188e-09  -2.32187e-08   4.74968e-08  -3.40969e-08
 11             5 D-1      3.07907e-02  -3.77622e-08  -9.72432e-09  -1.20267e-08
 12             5 D 0      4.45760e-08   3.56234e-03  -9.57574e-10   6.39148e-09
 13             5 D+1      2.37045e-08  -7.39504e-10  -5.32032e-02   3.74110e-01
 14             5 D+2     -3.26355e-07  -2.72043e-01   5.92950e-09  -3.61542e-09

 15   1  O-16   0 S       -2.93345e-08  -2.31344e-02  -9.08144e-10   5.62970e-10
 16             1 S       -1.13488e-07  -9.84764e-02   8.14728e-10   2.47649e-09
 17             2 S       -1.41547e-07  -8.94160e-02   1.89723e-08  -1.05589e-08
 18             3 PX       9.14406e-09  -4.78431e-09  -3.08711e-01   8.31421e-02
 19             3 PY       1.74223e-02  -1.65433e-08   2.93331e-09  -1.12413e-08
 20             3 PZ      -7.16541e-09  -3.96530e-02   0.00000e+00   7.64005e-09
 21             4 PX      -1.42032e-08  -4.22172e-09  -3.81252e-01   6.21241e-02
 22             4 PY      -6.52887e-02   1.50943e-07  -3.97550e-08  -6.30031e-08
 23             4 PZ      -1.98728e-07  -1.32316e-01   1.01000e-08   1.62707e-10
 24             5 D-2      1.05628e-10   1.09737e-09  -4.19924e-09   1.75290e-09
 25             5 D-1     -4.17505e-02   5.25718e-08   2.01651e-09   8.58456e-09
 26             5 D 0     -1.44433e-08  -4.82962e-03   4.75950e-10  -1.68299e-09
 27             5 D+1      2.71557e-10   0.00000e+00   3.02628e-03  -3.09159e-02
 28             5 D+2     -1.90339e-08  -1.11680e-02  -1.74047e-10   0.00000e+00

 29   2  H-1    0 S       -9.78292e-07  -8.04207e-01  -6.69071e-01   4.01312e-01
 30             1 S       -1.83594e-07   2.19815e-01  -8.03326e-01  -1.38781e+00
 31             2 PX      -1.29405e-07  -1.23281e-01   5.27368e-02   1.73090e-01
 32             2 PY      -4.89625e-02   5.93644e-08   8.66804e-09   4.66523e-09
 33             2 PZ       2.14831e-08  -1.23171e-02  -4.42659e-02   1.68060e-01

 34   3  H-1    0 S       -1.19402e-06  -8.04207e-01   6.69071e-01  -4.01312e-01
 35             1 S        1.72127e-07   2.19815e-01   8.03326e-01   1.38781e+00
 36             2 PX       1.60981e-07   1.23281e-01   5.27368e-02   1.73090e-01
 37             2 PY      -4.89625e-02   3.08683e-08  -1.39514e-09  -1.65414e-08
 38             2 PZ      -6.77164e-09  -1.23171e-02   4.42659e-02  -1.68060e-01


                                    17            18            19            20
 EigV --                   9.16621e-01   9.83292e-01   1.10413e+00   1.15920e+00

 1    0  C-12   0 S        1.93689e-01  -6.18202e-01   4.74930e-01   7.65449e-08
 2              1 S        3.67904e-01  -1.49771e+00   9.88257e-01   1.65173e-07
 3              2 S       -2.19896e+00   3.26868e+00  -7.54302e-02  -1.64743e-07
 4              3 PX       5.92279e-09   1.21245e-08   2.60610e-10   7.86845e-09
 5              3 PY      -3.38510e-08   1.86187e-07  -2.06775e-08   2.55929e-09
 6              3 PZ       9.79409e-01   9.33976e-02  -4.05877e-01  -2.72968e-08
 7              4 PX      -3.41140e-09  -2.44229e-08   1.59826e-09   6.35130e-08
 8              4 PY       6.31075e-08  -1.91911e-07  -2.99451e-08   2.46381e-09
 9              4 PZ      -1.15924e+00   3.61870e-03  -5.39170e-01  -6.78831e-08
 10             5 D-2      1.19354e-08  -8.16207e-09   8.78396e-08  -6.56379e-01
 11             5 D-1      3.73895e-08   2.31880e-08   8.07863e-08  -4.62360e-10
 12             5 D 0      2.68192e-01   3.26584e-01   3.63608e-01   2.53105e-08
 13             5 D+1     -9.54463e-10  -5.01734e-09   4.17588e-09  -5.85036e-09
 14             5 D+2     -8.52529e-02   7.10522e-02   1.29925e-02   1.57857e-08

 15   1  O-16   0 S        2.01470e-02   3.21767e-02  -2.19950e-02  -7.22645e-09
 16             1 S        1.58676e-01   8.93566e-02  -1.81770e-01  -3.16892e-08
 17             2 S        1.43970e-02  -8.15006e-01  -8.67291e-01  -4.59153e-08
 18             3 PX      -1.19512e-09  -6.38074e-10  -6.20177e-09  -2.77834e-08
 19             3 PY       3.97727e-09  -1.79129e-08  -8.51336e-08  -1.47676e-10
 20             3 PZ       2.20537e-01   4.06135e-01   5.21645e-01   5.90314e-08
 21             4 PX      -1.85698e-09   4.35744e-10   8.35434e-09   2.53341e-09
 22             4 PY      -3.52199e-08   2.56405e-08   1.53185e-07  -2.33496e-09
 23             4 PZ       5.38690e-01  -3.81881e-01  -1.52270e+00  -1.57047e-07
 24             5 D-2      7.43050e-10  -4.17958e-10   7.29026e-09  -4.21034e-02
 25             5 D-1      1.20349e-08   2.33332e-08  -3.36758e-09   2.87913e-10
 26             5 D 0     -7.33430e-02  -8.58001e-02   2.43652e-02   4.98428e-09
 27             5 D+1      1.09563e-09   1.35266e-09   0.00000e+00   1.74591e-09
 28             5 D+2      5.46965e-03  -7.57446e-03   2.98084e-03  -1.11123e-09

 29   2  H-1    0 S        4.19427e-02   3.01430e-02   2.00424e-02  -2.95515e-08
 30             1 S        8.95153e-01  -9.29759e-01   2.42597e-01   5.72614e-08
 31             2 PX      -1.68809e-01   9.98372e-02  -5.78361e-02  -1.33567e-08
 32             2 PY       6.06594e-09  -7.03958e-09   3.79373e-08  -3.37113e-01
 33             2 PZ      -2.76225e-02   1.62600e-01   5.84118e-02  -1.46926e-08

 34   3  H-1    0 S        4.19427e-02   3.01430e-02   2.00424e-02   3.15827e-08
 35             1 S        8.95153e-01  -9.29759e-01   2.42597e-01   9.71042e-08
 36             2 PX       1.68809e-01  -9.98372e-02   5.78361e-02   3.09670e-08
 37             2 PY      -7.59302e-09   3.79750e-08  -3.09484e-08   3.37113e-01
 38             2 PZ      -2.76225e-02   1.62600e-01   5.84118e-02   1.40949e-08


                                    21            22            23            24
 EigV --                   1.29083e+00   1.32426e+00   1.42198e+00   1.68321e+00

 1    0  C-12   0 S       -4.65279e-08  -3.55962e-09   3.07384e-08   2.62908e-01
 2              1 S       -9.85468e-08  -7.17685e-09   6.05875e-08   5.05417e-01
 3              2 S       -3.85133e-07  -1.45804e-08  -1.31689e-07  -1.27745e+00
 4              3 PX      -1.42033e-07   2.34169e-01   2.97379e-08   0.00000e+00
 5              3 PY       6.76647e-02   1.09808e-08   5.42834e-02  -2.86774e-08
 6              3 PZ       9.42802e-08   4.09269e-09  -3.31326e-09  -2.72182e-02
 7              4 PX       6.48546e-07  -1.28259e+00  -6.45479e-08   6.96285e-08
 8              4 PY      -4.44575e-01  -2.13799e-07   4.27509e-01  -2.18929e-09
 9              4 PZ       2.10700e-07   1.21285e-08  -8.34877e-08  -8.05714e-01
 10             5 D-2      6.60236e-10   1.14167e-08   4.67539e-09  -1.29716e-08
 11             5 D-1      2.29224e-01   1.28191e-07  -8.44779e-01   5.73799e-08
 12             5 D 0     -7.15484e-08  -4.92284e-09   4.95975e-08  -7.58601e-02
 13             5 D+1     -1.98429e-07   4.53109e-01   2.74048e-08   8.12286e-09
 14             5 D+2      1.93411e-09   1.73311e-09  -4.08045e-08  -9.10919e-01

 15   1  O-16   0 S       -9.35206e-08  -4.92624e-09  -2.27685e-08   8.13464e-02
 16             1 S       -1.77247e-07  -9.73216e-09  -5.26387e-08   1.72093e-01
 17             2 S        5.95658e-07   3.08104e-08   1.10205e-08  -3.39771e-01
 18             3 PX       3.55987e-07  -8.14621e-01  -1.44014e-08   9.45240e-09
 19             3 PY      -9.47505e-01  -4.37531e-07  -2.03681e-01   2.66314e-08
 20             3 PZ      -5.27051e-08  -3.30965e-09   2.57767e-09  -1.14371e-01
 21             4 PX      -7.03158e-07   1.49048e+00   3.75462e-08  -2.69607e-08
 22             4 PY       1.28095e+00   5.97747e-07  -4.27083e-01   1.36252e-08
 23             4 PZ       3.39578e-07   1.81735e-08  -2.00950e-08   1.24914e-01
 24             5 D-2     -4.59210e-10  -1.43670e-09   0.00000e+00   2.07949e-09
 25             5 D-1     -3.20723e-02  -1.87526e-08   8.20474e-02  -1.36454e-08
 26             5 D 0     -1.79308e-09  -3.57509e-10   4.95886e-09   2.32650e-02
 27             5 D+1      2.14643e-08  -4.55542e-02   1.60190e-09   1.30278e-09
 28             5 D+2      8.47549e-09   0.00000e+00   2.79364e-09  -1.10834e-01

 29   2  H-1    0 S        6.30578e-08  -7.20219e-02   5.49224e-08   6.95169e-01
 30             1 S       -3.34219e-07   6.46114e-01   7.35879e-08   2.45671e-01
 31             2 PX       7.28076e-09  -2.40074e-02  -1.87982e-08   1.45690e-02
 32             2 PY      -8.00387e-02  -3.08617e-08  -3.19755e-01   3.95501e-09
 33             2 PZ       1.09016e-08   2.88040e-02   2.54142e-08   2.78759e-01

 34   3  H-1    0 S        1.13245e-08   7.20219e-02   6.77106e-08   6.95169e-01
 35             1 S        3.32983e-07  -6.46114e-01  -2.09317e-08   2.45671e-01
 36             2 PX       2.16346e-08  -2.40074e-02   1.33059e-08  -1.45691e-02
 37             2 PY      -8.00387e-02  -2.94125e-08  -3.19755e-01   1.34382e-08
 38             2 PZ       2.62848e-08  -2.88040e-02   5.77664e-08   2.78759e-01


                                    25            26            27            28
 EigV --                   1.70345e+00   1.86605e+00   1.96249e+00   1.98096e+00

 1    0  C-12   0 S        1.25728e-08   6.04297e-02  -4.68748e-09  -1.12110e-08
 2              1 S        2.34676e-08   1.35204e-02  -6.40470e-08  -4.98913e-08
 3              2 S       -6.59468e-08   3.67069e-01  -1.12555e-06  -9.49903e-07
 4              3 PX       7.37605e-02  -1.94479e-09   1.11321e-08   2.00859e-01
 5              3 PY       1.19722e-08   5.67313e-08  -2.33685e-01  -2.30879e-09
 6              3 PZ       4.04617e-09   2.36260e-01   4.21672e-07   3.11324e-07
 7              4 PX      -1.40362e+00   1.01478e-08   1.38236e-08  -2.15473e-01
 8              4 PY      -9.74493e-09   6.87487e-08  -3.34428e-01  -2.10341e-08
 9              4 PZ      -3.13411e-08   2.83085e-01   8.15210e-07   6.34353e-07
 10             5 D-2     -5.08725e-09   1.53629e-10  -1.31716e-08   5.18891e-07
 11             5 D-1      1.49391e-08   1.46262e-07  -7.02671e-01  -6.68810e-08
 12             5 D 0     -5.54956e-09  -1.29081e-01  -5.08228e-07  -4.22317e-07
 13             5 D+1     -1.36887e-01   2.37208e-08   7.60009e-08  -8.11842e-01
 14             5 D+2     -4.74172e-08  -4.39296e-01  -1.94479e-07  -5.00987e-08

 15   1  O-16   0 S        2.86916e-09   3.33617e-01  -2.92573e-07  -2.91793e-07
 16             1 S        6.71827e-09   8.08064e-01  -6.09021e-07  -6.27198e-07
 17             2 S       -4.71641e-09  -6.33622e-01   2.02495e-06   1.77050e-06
 18             3 PX      -2.13776e-01   6.92970e-09   2.54006e-08  -3.94677e-01
 19             3 PY       8.34730e-10  -1.92720e-08  -2.61849e-01  -1.59401e-08
 20             3 PZ      -2.71946e-10   5.08270e-01   4.19945e-07   2.69637e-07
 21             4 PX       5.65183e-01  -9.65963e-10  -4.56415e-09   1.45902e-01
 22             4 PY       7.33234e-09   4.70932e-08   1.14732e-01   3.28336e-09
 23             4 PZ       6.28075e-09  -5.59444e-01   3.53445e-07   3.80333e-07
 24             5 D-2      2.81940e-10   1.74009e-09  -2.50137e-09   9.57174e-08
 25             5 D-1     -1.66074e-10  -7.66639e-09   7.18759e-02   9.27444e-09
 26             5 D 0      6.29548e-10   2.19317e-02  -5.20624e-08  -5.23322e-08
 27             5 D+1     -2.68921e-02  -3.76932e-09  -1.27049e-08   1.89833e-01
 28             5 D+2     -5.79852e-09  -4.97845e-02  -3.03010e-08  -1.12296e-08

 29   2  H-1    0 S        4.54423e-01   1.90458e-02   3.64575e-08   4.35737e-01
 30             1 S        4.70784e-01  -1.02325e-01  -9.70997e-09  -2.25755e-01
 31             2 PX       5.10232e-01   3.09339e-01   1.09949e-07   9.28230e-02
 32             2 PY       1.12515e-08  -2.10356e-07   7.66406e-01  -3.72139e-07
 33             2 PZ      -4.90130e-01  -5.28157e-01  -1.60033e-07   4.88330e-01

 34   3  H-1    0 S       -4.54423e-01   1.90458e-02   8.09529e-08  -4.35737e-01
 35             1 S       -4.70784e-01  -1.02325e-01  -2.15305e-08   2.25755e-01
 36             2 PX       5.10232e-01  -3.09339e-01  -8.36098e-08   9.28229e-02
 37             2 PY      -2.83530e-08  -2.02620e-07   7.66406e-01   4.65587e-07
 38             2 PZ       4.90130e-01  -5.28157e-01  -9.53516e-08  -4.88330e-01


                                    29            30            31            32
 EigV --                   1.98268e+00   2.00807e+00   2.60707e+00   2.70758e+00

 1    0  C-12   0 S        2.76140e-02   1.27733e-08   3.16688e-01   3.42965e-10
 2              1 S        1.07538e-01   3.43252e-08   8.68417e-01  -1.21907e-09
 3              2 S        1.96406e+00   6.71092e-07   1.37500e+00   5.05460e-09
 4              3 PX       1.00571e-07   1.26525e-07   1.10659e-08   1.38329e+00
 5              3 PY      -1.23639e-07   3.87271e-09  -6.74386e-09   0.00000e+00
 6              3 PZ      -6.19384e-01  -1.91180e-07   6.04310e-01   1.15012e-09
 7              4 PX      -1.14528e-07  -8.79386e-08   1.15473e-08   1.11071e+00
 8              4 PY      -2.40698e-07   4.59418e-09   4.59286e-09   6.93349e-09
 9              4 PZ      -1.28057e+00  -4.17957e-07   4.56515e-01  -6.76416e-09
 10             5 D-2      3.00972e-07  -9.35437e-01  -1.70260e-09   3.66855e-09
 11             5 D-1     -3.95128e-07   6.51268e-09   1.63981e-09   5.75620e-09
 12             5 D 0      8.62159e-01   2.71991e-07   6.01281e-01  -2.17530e-08
 13             5 D+1     -3.94546e-07  -4.49076e-07   1.23070e-08   1.12831e+00
 14             5 D+2      8.37243e-02   4.73576e-08   4.51578e-01   7.91179e-09

 15   1  O-16   0 S        6.10979e-01   2.07987e-07  -1.92308e-01   9.39326e-09
 16             1 S        1.31776e+00   4.48720e-07  -4.39696e-01   2.03547e-08
 17             2 S       -3.64705e+00  -1.21204e-06   1.02919e-01  -1.70801e-08
 18             3 PX      -1.97535e-07  -2.21497e-07   3.57211e-09   2.16700e-01
 19             3 PY      -2.27634e-07   2.23409e-09   1.64458e-08   1.18441e-09
 20             3 PZ      -5.29630e-01  -1.54881e-07  -2.96701e-01   1.07531e-08
 21             4 PX       7.98817e-08   7.35072e-08  -3.04749e-09  -2.11622e-01
 22             4 PY       1.75624e-07  -1.65763e-09  -1.07697e-08  -3.64388e-09
 23             4 PZ      -8.02656e-01  -2.84229e-07   2.05826e-02  -6.94302e-09
 24             5 D-2      5.47501e-08  -1.79380e-01  -5.45194e-09  -1.60556e-08
 25             5 D-1      3.34242e-08  -4.29181e-10  -6.48967e-10  -2.98210e-09
 26             5 D 0      1.08683e-01   3.60344e-08  -2.01607e-02   4.37292e-10
 27             5 D+1      9.20310e-08   1.12440e-07  -2.54070e-09  -2.03966e-01
 28             5 D+2      2.04073e-02   6.69402e-09   1.79307e-01   5.67030e-09

 29   2  H-1    0 S       -6.33242e-02   1.99476e-07  -7.66559e-01  -1.17849e+00
 30             1 S        1.08744e-02  -1.37188e-07  -5.04225e-01  -6.63759e-01
 31             2 PX      -5.81328e-02   3.07309e-08   1.01623e+00   9.47408e-01
 32             2 PY       1.93474e-07   7.55355e-01  -8.04544e-10  -1.06762e-08
 33             2 PZ      -2.90099e-02   2.79048e-07   2.25176e-01   5.82858e-01

 34   3  H-1    0 S       -6.33246e-02  -2.32151e-07  -7.66559e-01   1.17849e+00
 35             1 S        1.08746e-02   1.22036e-07  -5.04225e-01   6.63759e-01
 36             2 PX       5.81328e-02   4.93978e-08  -1.01623e+00   9.47408e-01
 37             2 PY       6.90208e-07  -7.55355e-01   1.00502e-08  -7.47581e-09
 38             2 PZ      -2.90103e-02  -2.68621e-07   2.25176e-01  -5.82858e-01


                                    33            34            35            36
 EigV --                   2.76665e+00   3.05326e+00   3.19864e+00   3.44518e+00

 1    0  C-12   0 S        2.11200e-01   6.67914e-10   1.87256e-01  -5.52252e-09
 2              1 S        4.18624e-01   3.50125e-09   4.51520e-01  -1.51226e-08
 3              2 S        8.10154e-01   1.85181e-08   1.22064e+00  -3.19619e-09
 4              3 PX      -2.22598e-08   3.03795e-08  -3.09625e-09  -2.45736e-09
 5              3 PY      -5.72843e-09   2.76159e-10   6.65402e-09   2.21129e-01
 6              3 PZ       3.73824e-01   1.11209e-09   4.28665e-01  -2.49233e-09
 7              4 PX      -1.93140e-08   3.49998e-08  -2.87711e-09   6.93636e-10
 8              4 PY      -1.43829e-08   0.00000e+00  -1.17778e-09   1.51785e-01
 9              4 PZ      -2.83231e-01   2.48083e-09   1.13631e-02   3.78116e-09
 10             5 D-2      9.00574e-09  -3.66136e-01   1.35002e-08  -7.26944e-10
 11             5 D-1     -3.16226e-08   3.49236e-10  -1.38350e-08  -6.46751e-01
 12             5 D 0     -9.68192e-01   1.15924e-08  -4.98421e-01   3.06629e-08
 13             5 D+1     -1.82474e-08   2.95173e-08  -2.99186e-09   2.08902e-08
 14             5 D+2      5.29812e-01   1.05721e-08   8.65135e-01  -1.09559e-08

 15   1  O-16   0 S        4.96328e-01  -1.49575e-09   2.76350e-01  -8.70535e-09
 16             1 S        1.06867e+00  -2.90658e-09   5.79933e-01  -1.61404e-08
 17             2 S       -1.09017e+00  -5.51944e-09  -7.22073e-01   1.25068e-08
 18             3 PX      -5.05851e-09  -8.33421e-09  -2.70225e-10  -5.60993e-10
 19             3 PY      -1.71939e-08  -1.20639e-09  -2.77610e-08  -3.49382e-03
 20             3 PZ       4.76242e-01  -4.71224e-09   2.27652e-01   1.20205e-08
 21             4 PX       5.15245e-09  -5.00354e-09   6.04270e-10   7.40481e-09
 22             4 PY       2.16785e-08   3.97863e-10   7.22251e-09  -3.96184e-01
 23             4 PZ      -4.27232e-01   7.06491e-10  -2.88122e-01  -3.45773e-09
 24             5 D-2      1.18144e-08   9.92813e-01  -7.82818e-09   1.17515e-09
 25             5 D-1     -1.94028e-08   1.40362e-09  -3.70921e-09  -1.10815e+00
 26             5 D 0      9.25102e-02  -5.24961e-10   8.41662e-02  -1.71513e-08
 27             5 D+1      3.35426e-09   1.06710e-08  -1.34202e-09   2.11127e-08
 28             5 D+2      5.22290e-01  -1.15240e-08  -8.39763e-01  -6.49278e-09

 29   2  H-1    0 S       -4.70318e-01  -3.67722e-08  -7.27082e-01   1.05391e-09
 30             1 S       -7.96665e-02  -2.20841e-08  -2.16846e-01  -6.50343e-10
 31             2 PX       6.80813e-02   2.64922e-08   2.99959e-01   7.07293e-09
 32             2 PY       8.67931e-09   1.84895e-01  -3.57896e-09   8.89103e-02
 33             2 PZ       6.79164e-01   1.10414e-08   5.66715e-01  -1.80560e-08

 34   3  H-1    0 S       -4.70318e-01   2.85292e-08  -7.27082e-01   1.82461e-08
 35             1 S       -7.96666e-02   1.26627e-08  -2.16846e-01  -2.00791e-10
 36             2 PX      -6.80813e-02   1.07913e-08  -2.99959e-01   8.50302e-09
 37             2 PY       2.30366e-08  -1.84895e-01   9.83075e-09   8.89103e-02
 38             2 PZ       6.79164e-01  -1.08293e-08   5.66715e-01  -1.76090e-08


                                    37            38
 EigV --                   3.75505e+00   3.86707e+00

 1    0  C-12   0 S        7.27480e-10   4.56347e-01
 2              1 S        1.98859e-09   1.01166e+00
 3              2 S        3.65373e-09   9.96388e-01
 4              3 PX       2.90106e-01  -1.68344e-09
 5              3 PY      -4.60593e-09  -5.23640e-09
 6              3 PZ      -1.23022e-09  -9.10719e-01
 7              4 PX      -2.39574e-02  -6.35936e-10
 8              4 PY      -3.62719e-09  -4.90057e-10
 9              4 PZ       0.00000e+00  -3.96919e-01
 10             5 D-2      1.00682e-08  -3.09351e-10
 11             5 D-1      1.77582e-08  -1.32667e-09
 12             5 D 0     -3.69993e-10   4.23816e-01
 13             5 D+1      1.28338e+00  -2.54479e-09
 14             5 D+2      1.98454e-09   8.38054e-02

 15   1  O-16   0 S        4.90200e-10   2.90091e-01
 16             1 S        7.90326e-10   5.40004e-01
 17             2 S       -2.97798e-09  -2.04322e+00
 18             3 PX       1.03399e-01  -9.00341e-10
 19             3 PY       4.50441e-09  -1.66066e-08
 20             3 PZ      -1.28873e-09  -1.91638e-01
 21             4 PX       4.48758e-01   1.35921e-10
 22             4 PY       8.48580e-09   1.25314e-08
 23             4 PZ      -1.18920e-09  -1.10429e+00
 24             5 D-2     -1.06221e-08  -4.70995e-10
 25             5 D-1      1.97272e-08   1.21184e-08
 26             5 D 0     -1.06505e-09  -1.20070e+00
 27             5 D+1      1.12616e+00  -9.49696e-10
 28             5 D+2     -1.09975e-09  -2.27171e-02

 29   2  H-1    0 S       -6.37902e-01  -1.10705e-01
 30             1 S        4.51778e-02  -5.52587e-02
 31             2 PX       4.52699e-01   8.43218e-02
 32             2 PY      -7.63389e-09   1.30150e-09
 33             2 PZ       1.18396e-03   3.41595e-02

 34   3  H-1    0 S        6.37902e-01  -1.10705e-01
 35             1 S       -4.51778e-02  -5.52587e-02
 36             2 PX       4.52699e-01  -8.43218e-02
 37             2 PY       3.44916e-09   2.46240e-09
 38             2 PZ      -1.18396e-03   3.41595e-02

--------------------------------------------------------------------------------

================================================================================



Canonical Molecular Orbital based Mulliken Population Analysis (Alpha + Beta)

Canonical Molecular Orbital based Mulliken Population Analysis (Alpha)
MO components projected to basis functions of different angular momentum
--------------------------------------------------------------------------------

                   1         2         3         4         5         6         7
      0  C-12   
 S            0.0003    2.0003    0.3361    0.7371         -    0.0275         -
 P            0.0002         -    0.1976    0.2353    0.8108    0.4335    0.6882
 D           -0.0002         -    0.0268    0.0038    0.0005    0.0026    0.0357
      1  O-16   
 S            1.9997   -0.0002    1.3090    0.2165         -    0.2418         -
 P                 -   -0.0004    0.1013    0.1721    0.6214    1.1090    1.2627
 D                 -         -    0.0036    0.0008    0.0048    0.0061    0.0078
      2  H-1    
 S                 -    0.0004    0.0201    0.6038    0.5509    0.1735         -
 P                 -   -0.0002    0.0054    0.0305    0.0117    0.0061    0.0056
 D                 -         -         -         -         -         -         -


                   8         9        10        11        12        13        14
      0  C-12   
 S                 -         -   -0.3279         -    0.5046         -    0.3340
 P            0.1342    1.3328   -0.0891   -0.4153    1.9862    2.0189    0.0812
 D            0.0840    0.0281   -0.0057   -0.0019   -0.0284    0.0025    0.3559
      1  O-16   
 S                 -         -         -         -   -0.4686         -    0.0038
 P            1.2289    0.6090    0.0040    0.0513   -0.0260   -0.0255   -0.0119
 D           -0.0004    0.0010    0.0001    0.0021    0.0007    0.0111    0.0010
      2  H-1    
 S            0.5523         -    2.4469    2.3916    0.0078         -    1.1038
 P            0.0010    0.0291   -0.0281   -0.0278    0.0236   -0.0071    0.1321
 D                 -         -         -         -         -         -         -


                  15        16        17        18        19        20        21
      0  C-12   
 S                 -         -    0.5365    1.5685    0.1290         -         -
 P            2.1543    1.0540    1.2115    0.0241   -0.0414         -   -0.0789
 D            0.0403    0.2820    0.2077    0.1998    0.2167    1.2043   -0.0164
      1  O-16   
 S                 -         -    0.0389   -0.0768   -0.0381         -         -
 P           -0.0634    0.0249    0.1831    0.2999    1.7058         -    2.0592
 D            0.0007    0.0137    0.0440    0.0417    0.0156    0.0102    0.0087
      2  H-1    
 S           -0.2021    0.3463   -0.3638   -0.2455   -0.0420         -         -
 P            0.0702    0.2792    0.1421    0.1884    0.0544    0.7854    0.0274
 D                 -         -         -         -         -         -         -


                  22        23        24        25        26        27        28
      0  C-12   
 S                 -         -    0.1068         -   -0.0368         -         -
 P           -0.0484    0.0110    0.0116    0.0643    0.1094    0.0124   -0.0023
 D            0.1500    1.3641    1.2369    0.0699    0.2318    0.4701    0.8561
      1  O-16   
 S                 -         -    0.0282         -    0.3504         -         -
 P            1.8687    0.0373    0.0183    0.1075    0.2985    0.0620    0.1374
 D            0.0222    0.0662    0.0497    0.0027    0.0096    0.0342    0.1715
      2  H-1    
 S           -0.0150         -    0.1359    0.0583    0.0046         -    0.0544
 P            0.0223    0.5214    0.4127    1.6973    1.0325    1.4213    0.7829
 D                 -         -         -         -         -         -         -


                  29        30        31        32        33        34        35
      0  C-12   
 S           -0.1485         -    0.2109         -   -0.0347         -   -0.0002
 P           -0.2912         -    0.0184    0.2518    0.0247         -    0.0335
 D            0.5278    0.7165    0.2067    0.2035    0.5254    0.0792    0.3164
      1  O-16   
 S            1.7758         -    0.0538         -    0.3412         -    0.0852
 P            0.0343         -    0.0323    0.0416    0.0908         -    0.0142
 D            0.0861    0.1029    0.0751    0.1377    0.5979    1.8869    1.2703
      2  H-1    
 S           -0.0007         -    0.0531    0.2311    0.0363         -    0.0658
 P            0.0164    1.1806    1.3498    1.1343    0.4184    0.0339    0.2148
 D                 -         -         -         -         -         -         -


                  36        37        38
      0  C-12   
 S                 -         -    0.0566
 P            0.0156   -0.0034    0.0545
 D            0.1158    0.3155   -0.0241
      1  O-16   
 S                 -         -    0.1396
 P           -0.0045   -0.0183   -0.0254
 D            1.8708    1.6450    1.7975
      2  H-1    
 S                 -    0.0322         -
 P            0.0022    0.0290    0.0012
 D                 -         -         -

--------------------------------------------------------------------------------

================================================================================


Multipole Information:
--------------------------------------------------------------------------------

Electric Dipole Moment                            (Debye)
X=          -0.0000000482 Y=         -0.0000004273 Z=          2.5910321838

Electric Quadrupole Moment                        (Debye-Å)
XX=        -11.3999890107 XY=        -0.0000013026 XZ=        -0.0000000606
YX=         -0.0000013026 YY=       -11.4212515396 YZ=        -0.0000002331
ZX=         -0.0000000606 ZY=        -0.0000002331 ZZ=       -11.4071422032




Electric Octupole Moment                          (Debye-Å²)
XXX=        -0.0000001152 XXY=       -0.0000000359 XXZ=       -0.7271861747
XYX=        -0.0000000359 XYY=       -0.0000000193 XYZ=       -0.0000010579
XZX=        -0.7271861747 XZY=       -0.0000010579 XZZ=       -0.0000001011
YXX=        -0.0000000359 YXY=       -0.0000000193 YXZ=       -0.0000010579
YYX=        -0.0000000193 YYY=       -0.0000000602 YYZ=       -1.6231515522
YZX=        -0.0000010579 YZY=       -1.6231515522 YZZ=       -0.0000003565
ZXX=        -0.7271861747 ZXY=       -0.0000010579 ZXZ=       -0.0000001011
ZYX=        -0.0000010579 ZYY=       -1.6231515522 ZYZ=       -0.0000003565
ZZX=        -0.0000001011 ZZY=       -0.0000003565 ZZZ=       -3.3784806890
--------------------------------------------------------------------------------

Spin Information:
--------------------------------------------------------------------------------

  <Sx> =    0.00000
  <Sy> =    0.00000
  <Sz> =    0.00000
  <S²> =    0.00000

--------------------------------------------------------------------------------


Charge Analysis:
--------------------------------------------------------------------------------

  Atom                  Mulliken Charges      Lowdin Charges
  ----------------------------------------------------------------------------  
  C-12                           0.24562             0.04824
  O-16                          -0.28451            -0.03670
  H-1                            0.01945            -0.00577
  H-1                            0.01945            -0.00577

--------------------------------------------------------------------------------

MemManager high-water mark: 0.002 GB.

Timing Summary:
================================================================================
  Section                              Total Duration (s)  Average Duration (s)
--------------------------------------------------------------------------------
  Total program time                :              0.8750
  - Memory allocation               :              0.2830
  - Core Hamiltonian                :              0.0996
  - Guess Formation                 :              0.0453
  - SCF                             :              0.4291
    - SCF Iteration                 :              0.4290
      - Fock Formation              :              0.4056
      - Property Evaluation         :              0.0000
================================================================================


ChronusQ Job Ended: Fri Oct  6 16:15:42 2023

